This is cutadapt 1.16 with Python 3.5.2
Command line parameters: -a AGATCGGAAGAGCACACGTCTGAACTCCAGTCAC --match-read-wildcards -m 10 -o by47_cuatdapt.fastq BY4741-t0-1_S7_L001_R1_001.fastq -j 4
Running on 4 cores
Trimming 1 adapter with at most 10.0% errors in single-end mode ...
Finished in 27.85 s (8 us/read; 7.95 M reads/minute).

=== Summary ===

Total reads processed:               3,689,394
Reads with adapters:                   217,168 (5.9%)
Reads that were too short:              10,455 (0.3%)
Reads written (passing filters):     3,678,939 (99.7%)

Total basepairs processed:   279,376,996 bp
Total written (filtered):    274,983,221 bp (98.4%)

=== Adapter 1 ===

Sequence: AGATCGGAAGAGCACACGTCTGAACTCCAGTCAC; Type: regular 3'; Length: 34; Trimmed: 217168 times.

No. of allowed errors:
0-9 bp: 0; 10-19 bp: 1; 20-29 bp: 2; 30-34 bp: 3

Bases preceding removed adapters:
  A: 26.1%
  C: 41.9%
  G: 16.5%
  T: 15.5%
  none/other: 0.0%

Overview of removed sequences
length	count	expect	max.err	error counts
3	70421	57646.8	0	70421
4	22254	14411.7	0	22254
5	767	3602.9	0	767
6	2566	900.7	0	2566
7	2177	225.2	0	2177
8	2088	56.3	0	2088
9	2054	14.1	0	1906 148
10	2542	3.5	1	2265 277
11	2682	0.9	1	2391 291
12	7122	0.2	1	6626 496
13	319	0.1	1	93 226
14	5452	0.0	1	5142 310
15	220	0.0	1	59 161
16	5753	0.0	1	5163 590
17	240	0.0	1	61 179
18	3819	0.0	1	3134 685
19	9455	0.0	1	8523 895 37
20	181	0.0	2	2 90 89
21	103	0.0	2	6 34 63
22	165	0.0	2	27 80 58
23	1721	0.0	2	1352 285 84
24	4525	0.0	2	3929 433 163
25	165	0.0	2	9 101 55
26	1354	0.0	2	1122 169 63
27	1293	0.0	2	1041 118 126 8
28	160	0.0	2	5 100 45 10
29	1664	0.0	2	1268 272 115 9
30	2090	0.0	3	1451 397 123 119
31	4335	0.0	3	3103 529 352 351
32	640	0.0	3	58 270 141 171
33	4560	0.0	3	3025 667 439 429
34	2464	0.0	3	1622 389 241 212
35	243	0.0	3	29 97 62 55
36	2595	0.0	3	1714 404 259 218
37	3039	0.0	3	1882 488 365 304
38	3909	0.0	3	2572 630 327 380
39	5349	0.0	3	3636 695 516 502
40	484	0.0	3	141 135 114 94
41	1427	0.0	3	1003 243 105 76
42	2144	0.0	3	1552 281 161 150
43	534	0.0	3	307 127 54 46
44	1441	0.0	3	1079 167 90 105
45	490	0.0	3	221 134 76 59
46	1075	0.0	3	786 183 62 44
47	1337	0.0	3	974 215 93 55
48	1359	0.0	3	974 196 115 74
49	1692	0.0	3	1128 289 139 136
50	2445	0.0	3	1810 362 149 124
51	1598	0.0	3	1164 223 116 95
52	410	0.0	3	156 136 74 44
53	807	0.0	3	558 131 61 57
54	1233	0.0	3	983 139 63 48
55	333	0.0	3	225 56 32 20
56	306	0.0	3	176 77 40 13
57	888	0.0	3	754 94 23 17
58	171	0.0	3	137 16 15 3
59	176	0.0	3	111 48 12 5
60	705	0.0	3	543 114 34 14
61	166	0.0	3	107 38 15 6
62	358	0.0	3	257 60 29 12
63	646	0.0	3	541 83 13 9
64	1487	0.0	3	1275 168 30 14
65	1336	0.0	3	1138 157 28 13
66	1179	0.0	3	996 146 25 12
67	1755	0.0	3	1497 206 40 12
68	2247	0.0	3	1927 248 51 21
69	2153	0.0	3	1857 240 38 18
70	2077	0.0	3	1777 225 57 18
71	1418	0.0	3	1225 154 29 10
72	604	0.0	3	496 84 18 6
73	131	0.0	3	112 15 2 2
74	23	0.0	3	21 0 2
75	4	0.0	3	3 1
76	43	0.0	3	21 13 8 1

